Removed Pin From Net: NetName=USER_BUTTON Pin=*1-1
Removed Pin From Net: NetName=USER_BUTTON Pin=*1-2
Removed Pin From Net: NetName=GND Pin=*1-3
Removed Pin From Net: NetName=GND Pin=*1-4
Removed Pin From Net: NetName=BUTTON_RESETn Pin=*-1
Removed Pin From Net: NetName=BUTTON_RESETn Pin=*-2
Removed Pin From Net: NetName=GND Pin=*-3
Removed Pin From Net: NetName=GND Pin=*-4
Change Component Designator: OldDesignator=C1 NewDesignator=C15
Change Component Designator: OldDesignator=C2 NewDesignator=C16
Change Component Designator: OldDesignator=C3 NewDesignator=C17
Change Component Designator: OldDesignator=C4 NewDesignator=C18
Change Component Designator: OldDesignator=C5 NewDesignator=C26
Change Component Designator: OldDesignator=C6 NewDesignator=C1
Change Component Designator: OldDesignator=C7 NewDesignator=C2
Change Component Designator: OldDesignator=C8 NewDesignator=C3
Change Component Designator: OldDesignator=C9 NewDesignator=C4
Change Component Designator: OldDesignator=C10 NewDesignator=C5
Change Component Designator: OldDesignator=C11 NewDesignator=C6
Change Component Designator: OldDesignator=C12 NewDesignator=C7
Change Component Designator: OldDesignator=C13 NewDesignator=C8
Change Component Designator: OldDesignator=C14 NewDesignator=C9
Change Component Designator: OldDesignator=C15 NewDesignator=C10
Change Component Designator: OldDesignator=C16 NewDesignator=C11
Change Component Designator: OldDesignator=C17 NewDesignator=C12
Change Component Designator: OldDesignator=C18 NewDesignator=C13
Change Component Designator: OldDesignator=C19 NewDesignator=C14
Change Component Designator: OldDesignator=C20 NewDesignator=C19
Change Component Designator: OldDesignator=C21 NewDesignator=C20
Change Component Designator: OldDesignator=C22 NewDesignator=C21
Change Component Designator: OldDesignator=C23 NewDesignator=C22
Change Component Designator: OldDesignator=C24 NewDesignator=C23
Change Component Designator: OldDesignator=C25 NewDesignator=C24
Change Component Designator: OldDesignator=C26 NewDesignator=C25
Change Component Designator: OldDesignator=C28 NewDesignator=C29
Change Component Designator: OldDesignator=C29 NewDesignator=C28
Change Component Designator: OldDesignator=C31 NewDesignator=C32
Change Component Designator: OldDesignator=C32 NewDesignator=C31
Change Component Designator: OldDesignator=D1 NewDesignator=D3
Change Component Designator: OldDesignator=D2 NewDesignator=D4
Change Component Designator: OldDesignator=D3 NewDesignator=D1
Change Component Designator: OldDesignator=D4 NewDesignator=D2
Change Component Designator: OldDesignator=J1 NewDesignator=J8
Change Component Designator: OldDesignator=J2 NewDesignator=J1
Change Component Designator: OldDesignator=J3 NewDesignator=J2
Change Component Designator: OldDesignator=J4 NewDesignator=J3
Change Component Designator: OldDesignator=J6 NewDesignator=J4
Change Component Designator: OldDesignator=J8 NewDesignator=J6
Change Component Designator: OldDesignator=R1 NewDesignator=R18
Change Component Designator: OldDesignator=R2 NewDesignator=R20
Change Component Designator: OldDesignator=R3 NewDesignator=R1
Change Component Designator: OldDesignator=R4 NewDesignator=R2
Change Component Designator: OldDesignator=R5 NewDesignator=R3
Change Component Designator: OldDesignator=R6 NewDesignator=R4
Change Component Designator: OldDesignator=R7 NewDesignator=R5
Change Component Designator: OldDesignator=R8 NewDesignator=R6
Change Component Designator: OldDesignator=R9 NewDesignator=R7
Change Component Designator: OldDesignator=R10 NewDesignator=R8
Change Component Designator: OldDesignator=R11 NewDesignator=R9
Change Component Designator: OldDesignator=R12 NewDesignator=R10
Change Component Designator: OldDesignator=R13 NewDesignator=R11
Change Component Designator: OldDesignator=R14 NewDesignator=R12
Change Component Designator: OldDesignator=R15 NewDesignator=R13
Change Component Designator: OldDesignator=R16 NewDesignator=R14
Change Component Designator: OldDesignator=R17 NewDesignator=R15
Change Component Designator: OldDesignator=R18 NewDesignator=R16
Change Component Designator: OldDesignator=R19 NewDesignator=R17
Change Component Designator: OldDesignator=R20 NewDesignator=R19
Change Component Designator: OldDesignator=R21 NewDesignator=R23
Change Component Designator: OldDesignator=R22 NewDesignator=R21
Change Component Designator: OldDesignator=R23 NewDesignator=R22
Change Component Designator: OldDesignator=R24 NewDesignator=R27
Change Component Designator: OldDesignator=R25 NewDesignator=R24
Change Component Designator: OldDesignator=R26 NewDesignator=R25
Change Component Designator: OldDesignator=R27 NewDesignator=R26
Change Component Designator: OldDesignator=U1 NewDesignator=U4
Change Component Designator: OldDesignator=U2 NewDesignator=U1
Change Component Designator: OldDesignator=U3 NewDesignator=U2
Change Component Designator: OldDesignator=U4 NewDesignator=U3
Added Component: Designator=SW1(1825910-6)
Add component (AddParameter): Name = "Actuator Color"; Value = "Black"; VariantName = "[No Variations]"
Add component (AddParameter): Name = "Actuator Length"; Value = "0.055inch"; VariantName = "[No Variations]"
Add component (AddParameter): Name = "Actuator Material"; Value = "PBT"; VariantName = "[No Variations]"
Add component (AddParameter): Name = "Actuator Type"; Value = "Standard"; VariantName = "[No Variations]"
Add component (AddParameter): Name = "Category"; Value = "Pushbutton Switches"; VariantName = "[No Variations]"
Add component (AddParameter): Name = "ComponentLink1Description"; Value = "https://datasheet.ciiva.com/30199/1825910-6rqpn1825910-6-30199520.pdf?src-supplier=Onlinecomponents.com"; VariantName = "[No Variations]"
Add component (AddParameter): Name = "ComponentLink1URL"; Value = "https://datasheet.ciiva.com/30199/1825910-6rqpn1825910-6-30199520.pdf?src-supplier=Onlinecomponents.com"; VariantName = "[No Variations]"
Add component (AddParameter): Name = "ComponentLink2Description"; Value = "https://datasheet.ciiva.com/15184/getdatasheetpartid-395915-15184509.pdf?src-supplier=Verical"; VariantName = "[No Variations]"
Add component (AddParameter): Name = "ComponentLink2URL"; Value = "https://datasheet.ciiva.com/15184/getdatasheetpartid-395915-15184509.pdf?src-supplier=Verical"; VariantName = "[No Variations]"
Add component (AddParameter): Name = "Contact Current Rating"; Value = "50mA"; VariantName = "[No Variations]"
Add component (AddParameter): Name = "Contact Material"; Value = "Copper Alloy"; VariantName = "[No Variations]"
Add component (AddParameter): Name = "Contact Plating"; Value = "Silver"; VariantName = "[No Variations]"
Add component (AddParameter): Name = "Contact Resistance"; Value = "100mR"; VariantName = "[No Variations]"
Add component (AddParameter): Name = "Electrical Life"; Value = "100000Cycles"; VariantName = "[No Variations]"
Add component (AddParameter): Name = "ELV"; Value = "Compliant"; VariantName = "[No Variations]"
Add component (AddParameter): Name = "Illumination Type"; Value = "Non-Illuminated,Illuminated"; VariantName = "[No Variations]"
Add component (AddParameter): Name = "Lead Free"; Value = "Lead Free"; VariantName = "[No Variations]"
Add component (AddParameter): Name = "Length"; Value = "5.99mm"; VariantName = "[No Variations]"
Add component (AddParameter): Name = "Manufacturer"; Value = "TE Connectivity Alcoswitch"; VariantName = "[No Variations]"
Add component (AddParameter): Name = "Manufacturer Part Number"; Value = "1825910-6"; VariantName = "[No Variations]"
Add component (AddParameter): Name = "Max Current Rating"; Value = "50mA"; VariantName = "[No Variations]"
Add component (AddParameter): Name = "Max Operating Temperature"; Value = "85°C"; VariantName = "[No Variations]"
Add component (AddParameter): Name = "Max Voltage Rating (DC)"; Value = "24V"; VariantName = "[No Variations]"
Add component (AddParameter): Name = "Mechanical Life"; Value = "100000Cycles"; VariantName = "[No Variations]"
Add component (AddParameter): Name = "Min Operating Temperature"; Value = "-35°C"; VariantName = "[No Variations]"
Add component (AddParameter): Name = "Mount"; Value = "Through Hole"; VariantName = "[No Variations]"
Add component (AddParameter): Name = "Operating Force"; Value = "160gf"; VariantName = "[No Variations]"
Add component (AddParameter): Name = "Orientation"; Value = "Straight"; VariantName = "[No Variations]"
Add component (AddParameter): Name = "Package Quantity"; Value = "750"; VariantName = "[No Variations]"
Add component (AddParameter): Name = "Packaging"; Value = "Loose Piece"; VariantName = "[No Variations]"
Add component (AddParameter): Name = "Pricing 1"; Value = "1=0,11000, 10=0,11100, 25=0,10520, 100=0,09550, 250=0,08980, 500=0,08216, 1000=0,06879, 2500=0,06688, 5000=0,06306 (USD)"; VariantName = "[No Variations]"
Add component (AddParameter): Name = "REACH SVHC"; Value = "Unknown"; VariantName = "[No Variations]"
Add component (AddParameter): Name = "RoHS"; Value = "Yes"; VariantName = "[No Variations]"
Add component (AddParameter): Name = "RoHS Compliant"; Value = "Yes"; VariantName = "[No Variations]"
Add component (AddParameter): Name = "Series"; Value = "FSMJ"; VariantName = "[No Variations]"
Add component (AddParameter): Name = "Stock 1"; Value = "152648"; VariantName = "[No Variations]"
Add component (AddParameter): Name = "Supplier 1"; Value = "Digi-Key"; VariantName = "[No Variations]"
Add component (AddParameter): Name = "Supplier Part Number 1"; Value = "450-1650-ND"; VariantName = "[No Variations]"
Add component (AddParameter): Name = "Switch Function"; Value = "Off-Mom"; VariantName = "[No Variations]"
Add component (AddParameter): Name = "Switch Travel"; Value = "0.25mm"; VariantName = "[No Variations]"
Add component (AddParameter): Name = "Termination"; Value = "PC Pins"; VariantName = "[No Variations]"
Add component (AddParameter): Name = "Throw Configuration"; Value = "SPST"; VariantName = "[No Variations]"
Add component (AddParameter): Name = "Type"; Value = "Switch"; VariantName = "[No Variations]"
Added Component: Designator=SW2(1825910-6)
Add component (AddParameter): Name = "Actuator Color"; Value = "Black"; VariantName = "[No Variations]"
Add component (AddParameter): Name = "Actuator Length"; Value = "0.055inch"; VariantName = "[No Variations]"
Add component (AddParameter): Name = "Actuator Material"; Value = "PBT"; VariantName = "[No Variations]"
Add component (AddParameter): Name = "Actuator Type"; Value = "Standard"; VariantName = "[No Variations]"
Add component (AddParameter): Name = "Category"; Value = "Pushbutton Switches"; VariantName = "[No Variations]"
Add component (AddParameter): Name = "ComponentLink1Description"; Value = "https://datasheet.ciiva.com/30199/1825910-6rqpn1825910-6-30199520.pdf?src-supplier=Onlinecomponents.com"; VariantName = "[No Variations]"
Add component (AddParameter): Name = "ComponentLink1URL"; Value = "https://datasheet.ciiva.com/30199/1825910-6rqpn1825910-6-30199520.pdf?src-supplier=Onlinecomponents.com"; VariantName = "[No Variations]"
Add component (AddParameter): Name = "ComponentLink2Description"; Value = "https://datasheet.ciiva.com/15184/getdatasheetpartid-395915-15184509.pdf?src-supplier=Verical"; VariantName = "[No Variations]"
Add component (AddParameter): Name = "ComponentLink2URL"; Value = "https://datasheet.ciiva.com/15184/getdatasheetpartid-395915-15184509.pdf?src-supplier=Verical"; VariantName = "[No Variations]"
Add component (AddParameter): Name = "Contact Current Rating"; Value = "50mA"; VariantName = "[No Variations]"
Add component (AddParameter): Name = "Contact Material"; Value = "Copper Alloy"; VariantName = "[No Variations]"
Add component (AddParameter): Name = "Contact Plating"; Value = "Silver"; VariantName = "[No Variations]"
Add component (AddParameter): Name = "Contact Resistance"; Value = "100mR"; VariantName = "[No Variations]"
Add component (AddParameter): Name = "Electrical Life"; Value = "100000Cycles"; VariantName = "[No Variations]"
Add component (AddParameter): Name = "ELV"; Value = "Compliant"; VariantName = "[No Variations]"
Add component (AddParameter): Name = "Illumination Type"; Value = "Non-Illuminated,Illuminated"; VariantName = "[No Variations]"
Add component (AddParameter): Name = "Lead Free"; Value = "Lead Free"; VariantName = "[No Variations]"
Add component (AddParameter): Name = "Length"; Value = "5.99mm"; VariantName = "[No Variations]"
Add component (AddParameter): Name = "Manufacturer"; Value = "TE Connectivity Alcoswitch"; VariantName = "[No Variations]"
Add component (AddParameter): Name = "Manufacturer Part Number"; Value = "1825910-6"; VariantName = "[No Variations]"
Add component (AddParameter): Name = "Max Current Rating"; Value = "50mA"; VariantName = "[No Variations]"
Add component (AddParameter): Name = "Max Operating Temperature"; Value = "85°C"; VariantName = "[No Variations]"
Add component (AddParameter): Name = "Max Voltage Rating (DC)"; Value = "24V"; VariantName = "[No Variations]"
Add component (AddParameter): Name = "Mechanical Life"; Value = "100000Cycles"; VariantName = "[No Variations]"
Add component (AddParameter): Name = "Min Operating Temperature"; Value = "-35°C"; VariantName = "[No Variations]"
Add component (AddParameter): Name = "Mount"; Value = "Through Hole"; VariantName = "[No Variations]"
Add component (AddParameter): Name = "Operating Force"; Value = "160gf"; VariantName = "[No Variations]"
Add component (AddParameter): Name = "Orientation"; Value = "Straight"; VariantName = "[No Variations]"
Add component (AddParameter): Name = "Package Quantity"; Value = "750"; VariantName = "[No Variations]"
Add component (AddParameter): Name = "Packaging"; Value = "Loose Piece"; VariantName = "[No Variations]"
Add component (AddParameter): Name = "Pricing 1"; Value = "1=0,11000, 10=0,11100, 25=0,10520, 100=0,09550, 250=0,08980, 500=0,08216, 1000=0,06879, 2500=0,06688, 5000=0,06306 (USD)"; VariantName = "[No Variations]"
Add component (AddParameter): Name = "REACH SVHC"; Value = "Unknown"; VariantName = "[No Variations]"
Add component (AddParameter): Name = "RoHS"; Value = "Yes"; VariantName = "[No Variations]"
Add component (AddParameter): Name = "RoHS Compliant"; Value = "Yes"; VariantName = "[No Variations]"
Add component (AddParameter): Name = "Series"; Value = "FSMJ"; VariantName = "[No Variations]"
Add component (AddParameter): Name = "Stock 1"; Value = "152648"; VariantName = "[No Variations]"
Add component (AddParameter): Name = "Supplier 1"; Value = "Digi-Key"; VariantName = "[No Variations]"
Add component (AddParameter): Name = "Supplier Part Number 1"; Value = "450-1650-ND"; VariantName = "[No Variations]"
Add component (AddParameter): Name = "Switch Function"; Value = "Off-Mom"; VariantName = "[No Variations]"
Add component (AddParameter): Name = "Switch Travel"; Value = "0.25mm"; VariantName = "[No Variations]"
Add component (AddParameter): Name = "Termination"; Value = "PC Pins"; VariantName = "[No Variations]"
Add component (AddParameter): Name = "Throw Configuration"; Value = "SPST"; VariantName = "[No Variations]"
Add component (AddParameter): Name = "Type"; Value = "Switch"; VariantName = "[No Variations]"
Added Pin To Net: NetName=GND Pin=SW1-1
Added Pin To Net: NetName=GND Pin=SW1-2
Added Pin To Net: NetName=USER_BUTTON Pin=SW1-3
Added Pin To Net: NetName=USER_BUTTON Pin=SW1-4
Added Pin To Net: NetName=GND Pin=SW2-1
Added Pin To Net: NetName=GND Pin=SW2-2
Added Pin To Net: NetName=BUTTON_RESETn Pin=SW2-3
Added Pin To Net: NetName=BUTTON_RESETn Pin=SW2-4
Change Net Name : Old Net Name=NetC16_2 New Net Name=NetC11_2
Change Net Name : Old Net Name=NetD1_1 New Net Name=NetD3_1
Change Net Name : Old Net Name=NetD1_2 New Net Name=NetD3_2
Change Net Name : Old Net Name=NetD2_2 New Net Name=NetD4_2
Change Net Name : Old Net Name=NetD3_2 New Net Name=NetD1_2
Change Net Name : Old Net Name=NetD4_2 New Net Name=NetD2_2
Change Net Name : Old Net Name=NetJ4_4 New Net Name=NetJ3_4
Change Net Name : Old Net Name=NetR26_1 New Net Name=NetR25_1
